<?xml version="1.0" encoding="UTF-8"?>
<testsuite name="com.example.service.RegisterTest" tests="1" skipped="0" failures="0" errors="0" timestamp="2025-08-09T07:06:36.064Z" hostname="Mac.attlocal.net" time="0.012">
  <properties/>
  <testcase name="testComputeTotal()" classname="com.example.service.RegisterTest" time="0.012"/>
  <system-out><![CDATA[]]></system-out>
  <system-err><![CDATA[]]></system-err>
</testsuite>
