<?xml version="1.0" encoding="UTF-8"?>
<testsuite name="com.example.service.AlternateRegisterTest" tests="1" skipped="0" failures="0" errors="0" timestamp="2025-08-09T07:06:36.662Z" hostname="Mac.attlocal.net" time="0.001">
  <properties/>
  <testcase name="testComputeTotalWithAlternateProfile()" classname="com.example.service.AlternateRegisterTest" time="0.001"/>
  <system-out><![CDATA[]]></system-out>
  <system-err><![CDATA[]]></system-err>
</testsuite>
