<?xml version="1.0" encoding="UTF-8"?>
<testsuite name="com.example.dao.PurchaseDaoImplTests" tests="3" skipped="0" failures="0" errors="0" timestamp="2025-08-09T07:06:36.322Z" hostname="Mac.attlocal.net" time="0.329">
  <properties/>
  <testcase name="findAllPurchases()" classname="com.example.dao.PurchaseDaoImplTests" time="0.324"/>
  <testcase name="getPurchase()" classname="com.example.dao.PurchaseDaoImplTests" time="0.002"/>
  <testcase name="savePurchase()" classname="com.example.dao.PurchaseDaoImplTests" time="0.002"/>
  <system-out><![CDATA[]]></system-out>
  <system-err><![CDATA[Aug 09, 2025 3:06:36 AM org.springframework.jdbc.datasource.embedded.EmbeddedDatabaseFactory initDatabase
INFO: Starting embedded database: url='jdbc:hsqldb:mem:testdb', username='sa'
Mockito is currently self-attaching to enable the inline-mock-maker. This will no longer work in future releases of the JDK. Please add Mockito as an agent to your build what is described in Mockito's documentation: https://javadoc.io/doc/org.mockito/mockito-core/latest/org/mockito/Mockito.html#0.3
WARNING: A Java agent has been loaded dynamically (/Users/allenroman/.gradle/caches/modules-2/files-2.1/net.bytebuddy/byte-buddy-agent/1.15.4/58e850dde88f3cf20f41f659440bef33f6c4fe02/byte-buddy-agent-1.15.4.jar)
WARNING: If a serviceability tool is in use, please run with -XX:+EnableDynamicAgentLoading to hide this warning
WARNING: If a serviceability tool is not in use, please run with -Djdk.instrument.traceUsage for more information
WARNING: Dynamic loading of agents will be disallowed by default in a future release
]]></system-err>
</testsuite>
