<?xml version="1.0" encoding="UTF-8"?>
<testsuite name="com.example.service.PurchaseServiceImplTests" tests="1" skipped="0" failures="0" errors="0" timestamp="2025-08-09T07:14:32.768Z" hostname="Mac.attlocal.net" time="0.013">
  <properties/>
  <testcase name="testSavePurchase()" classname="com.example.service.PurchaseServiceImplTests" time="0.013"/>
  <system-out><![CDATA[]]></system-out>
  <system-err><![CDATA[Aug 09, 2025 3:14:32 AM org.springframework.jdbc.datasource.embedded.EmbeddedDatabaseFactory initDatabase
INFO: Starting embedded database: url='jdbc:h2:mem:testdb;DB_CLOSE_DELAY=-1;DB_CLOSE_ON_EXIT=false', username='sa'
]]></system-err>
</testsuite>
