<?xml version="1.0" encoding="UTF-8"?>
<testsuite name="com.example.service.RegisterTest" tests="1" skipped="0" failures="0" errors="0" timestamp="2025-08-09T06:50:42.339Z" hostname="Mac.attlocal.net" time="0.0">
  <properties/>
  <testcase name="testRegister()" classname="com.example.service.RegisterTest" time="0.0"/>
  <system-out><![CDATA[The computed total including tax is: 106.00
]]></system-out>
  <system-err><![CDATA[]]></system-err>
</testsuite>
