<?xml version="1.0" encoding="UTF-8"?>
<testsuite name="com.example.dao.PurchaseDaoImplTests" tests="3" skipped="0" failures="0" errors="0" timestamp="2025-08-09T06:50:42.294Z" hostname="Mac.attlocal.net" time="0.009">
  <properties/>
  <testcase name="testGetPurchase()" classname="com.example.dao.PurchaseDaoImplTests" time="0.007"/>
  <testcase name="testGetAllPurchases()" classname="com.example.dao.PurchaseDaoImplTests" time="0.001"/>
  <testcase name="savePurchase()" classname="com.example.dao.PurchaseDaoImplTests" time="0.0"/>
  <system-out><![CDATA[The com.example.dao.PurchaseDao.getPurchase method was called.
Retrieved purchase: Sample Purchase 1
The com.example.dao.PurchaseDao.getAllPurchases method was called.
Found 2 purchases
Saved new purchase
]]></system-out>
  <system-err><![CDATA[]]></system-err>
</testsuite>
